<?xml version="1.0" encoding="UTF-8"?>
<testsuite name="ParticipantTest" tests="1" skipped="0" failures="0" errors="0" timestamp="2024-12-18T03:56:32" hostname="Madelines-MacBook-Pro.local" time="0.02">
  <properties/>
  <testcase name="toString_newParticipant_returnsParticipant()" classname="ParticipantTest" time="0.02"/>
  <system-out><![CDATA[]]></system-out>
  <system-err><![CDATA[]]></system-err>
</testsuite>
